  main.c
C:\Users\LilNasTyan\Desktop\Задачки\Task39\Task39\main.c(7,9): warning C4473: "printf": передано недостаточно аргументов для строки формата
  C:\Users\LilNasTyan\Desktop\Задачки\Task39\Task39\main.c(7,9):
  заполнители и их параметры ожидают переменное число аргументов в количестве 1, но было предоставлено 0
  C:\Users\LilNasTyan\Desktop\Задачки\Task39\Task39\main.c(7,9):
  отсутствующий вариативный аргумент "1" требуется для строки форматирования "%5.3f"
  
C:\Users\LilNasTyan\Desktop\Задачки\Task39\Task39\main.c(8,9): warning C4473: "printf": передано недостаточно аргументов для строки формата
  C:\Users\LilNasTyan\Desktop\Задачки\Task39\Task39\main.c(8,9):
  заполнители и их параметры ожидают переменное число аргументов в количестве 1, но было предоставлено 0
  C:\Users\LilNasTyan\Desktop\Задачки\Task39\Task39\main.c(8,9):
  отсутствующий вариативный аргумент "1" требуется для строки форматирования "%5.3f"
  
C:\Users\LilNasTyan\Desktop\Задачки\Task39\Task39\main.c(9,9): warning C4473: "printf": передано недостаточно аргументов для строки формата
  C:\Users\LilNasTyan\Desktop\Задачки\Task39\Task39\main.c(9,9):
  заполнители и их параметры ожидают переменное число аргументов в количестве 1, но было предоставлено 0
  C:\Users\LilNasTyan\Desktop\Задачки\Task39\Task39\main.c(9,9):
  отсутствующий вариативный аргумент "1" требуется для строки форматирования "%5.3f"
  
C:\Users\LilNasTyan\Desktop\Задачки\Task39\Task39\main.c(10,2): warning C4013: getch: нет определения; предполагается "extern" с возвратом типа "int"
C:\Users\LilNasTyan\Desktop\Задачки\Task39\Task39\main.c(6,8): warning C4101: a: неиспользованная локальная переменная
C:\Users\LilNasTyan\Desktop\Задачки\Task39\Task39\main.c(6,11): warning C4101: b: неиспользованная локальная переменная
C:\Users\LilNasTyan\Desktop\Задачки\Task39\Task39\main.c(6,14): warning C4101: c: неиспользованная локальная переменная
  Task39.vcxproj -> C:\Users\LilNasTyan\Desktop\Задачки\Task39\x64\Debug\Task39.exe
